{"test_name": "test_feature", "error_type": "AssertionError", "error_message": "Expected 5, got 3", "traceback": "File test.py, line 10...", "timestamp": "2025-11-11T18:05:14.945830"}
{"test_name": "test_database_connection", "error_type": "ConnectionError", "error_message": "Could not connect to database", "solution": "Ensure database is running and credentials are correct", "timestamp": "2025-11-11T18:05:14.947103"}
{"error_type": "ImportError", "error_message": "No module named 'pytest'", "solution": "Install pytest: pip install pytest", "timestamp": "2025-11-11T18:05:14.948186"}
{"error_type": "TypeError", "error_message": "expected str, got int", "solution": "Convert int to str using str()", "timestamp": "2025-11-11T18:05:14.949488"}
{"error_type": "TypeError", "error_message": "expected int, got str", "solution": "Convert str to int using int()", "timestamp": "2025-11-11T18:05:14.949687"}
{"error_type": "FileNotFoundError", "error_message": "config.json not found", "solution": "Create config.json in project root", "session": "session_1", "timestamp": "2025-11-11T18:05:14.953355"}
{"test_name": "test_reflexion_marker_integration", "error_type": "IntegrationTestError", "error_message": "Testing reflexion integration", "timestamp": "2025-11-11T18:05:14.955135"}
{"test_name": "test_reflexion_with_real_exception", "error_type": "ZeroDivisionError", "error_message": "division by zero", "traceback": "simulated traceback", "solution": "Check denominator is not zero before division", "timestamp": "2025-11-11T18:05:14.956625"}
{"test_name": "test_feature", "error_type": "AssertionError", "error_message": "Expected 5, got 3", "traceback": "File test.py, line 10...", "timestamp": "2025-11-11T18:05:52.563775"}
{"test_name": "test_database_connection", "error_type": "ConnectionError", "error_message": "Could not connect to database", "solution": "Ensure database is running and credentials are correct", "timestamp": "2025-11-11T18:05:52.564932"}
{"error_type": "ImportError", "error_message": "No module named 'pytest'", "solution": "Install pytest: pip install pytest", "timestamp": "2025-11-11T18:05:52.566243"}
{"error_type": "TypeError", "error_message": "expected str, got int", "solution": "Convert int to str using str()", "timestamp": "2025-11-11T18:05:52.567884"}
{"error_type": "TypeError", "error_message": "expected int, got str", "solution": "Convert str to int using int()", "timestamp": "2025-11-11T18:05:52.568207"}
{"error_type": "FileNotFoundError", "error_message": "config.json not found", "solution": "Create config.json in project root", "session": "session_1", "timestamp": "2025-11-11T18:05:52.572514"}
{"test_name": "test_reflexion_marker_integration", "error_type": "IntegrationTestError", "error_message": "Testing reflexion integration", "timestamp": "2025-11-11T18:05:52.574152"}
{"test_name": "test_reflexion_with_real_exception", "error_type": "ZeroDivisionError", "error_message": "division by zero", "traceback": "simulated traceback", "solution": "Check denominator is not zero before division", "timestamp": "2025-11-11T18:05:52.575383"}
{"test_name": "test_feature", "error_type": "AssertionError", "error_message": "Expected 5, got 3", "traceback": "File test.py, line 10...", "timestamp": "2025-11-11T18:07:29.547542"}
{"test_name": "test_database_connection", "error_type": "ConnectionError", "error_message": "Could not connect to database", "solution": "Ensure database is running and credentials are correct", "timestamp": "2025-11-11T18:07:29.548522"}
{"error_type": "ImportError", "error_message": "No module named 'pytest'", "solution": "Install pytest: pip install pytest", "timestamp": "2025-11-11T18:07:29.549669"}
{"error_type": "TypeError", "error_message": "expected str, got int", "solution": "Convert int to str using str()", "timestamp": "2025-11-11T18:07:29.551484"}
{"error_type": "TypeError", "error_message": "expected int, got str", "solution": "Convert str to int using int()", "timestamp": "2025-11-11T18:07:29.551745"}
{"error_type": "FileNotFoundError", "error_message": "config.json not found", "solution": "Create config.json in project root", "session": "session_1", "timestamp": "2025-11-11T18:07:29.555660"}
{"test_name": "test_reflexion_marker_integration", "error_type": "IntegrationTestError", "error_message": "Testing reflexion integration", "timestamp": "2025-11-11T18:07:29.557344"}
{"test_name": "test_reflexion_with_real_exception", "error_type": "ZeroDivisionError", "error_message": "division by zero", "traceback": "simulated traceback", "solution": "Check denominator is not zero before division", "timestamp": "2025-11-11T18:07:29.558510"}
{"test_name": "test_feature", "error_type": "AssertionError", "error_message": "Expected 5, got 3", "traceback": "File test.py, line 10...", "timestamp": "2025-11-11T18:08:46.653324"}
{"test_name": "test_database_connection", "error_type": "ConnectionError", "error_message": "Could not connect to database", "solution": "Ensure database is running and credentials are correct", "timestamp": "2025-11-11T18:08:46.654315"}
{"error_type": "ImportError", "error_message": "No module named 'pytest'", "solution": "Install pytest: pip install pytest", "timestamp": "2025-11-11T18:08:46.655438"}
{"error_type": "TypeError", "error_message": "expected str, got int", "solution": "Convert int to str using str()", "timestamp": "2025-11-11T18:08:46.657037"}
{"error_type": "TypeError", "error_message": "expected int, got str", "solution": "Convert str to int using int()", "timestamp": "2025-11-11T18:08:46.674014"}
{"error_type": "FileNotFoundError", "error_message": "config.json not found", "solution": "Create config.json in project root", "session": "session_1", "timestamp": "2025-11-11T18:08:46.692286"}
{"test_name": "test_reflexion_marker_integration", "error_type": "IntegrationTestError", "error_message": "Testing reflexion integration", "timestamp": "2025-11-11T18:08:46.694160"}
{"test_name": "test_reflexion_with_real_exception", "error_type": "ZeroDivisionError", "error_message": "division by zero", "traceback": "simulated traceback", "solution": "Check denominator is not zero before division", "timestamp": "2025-11-11T18:08:46.697041"}
{"test_name": "test_feature", "error_type": "AssertionError", "error_message": "Expected 5, got 3", "traceback": "File test.py, line 10...", "timestamp": "2025-11-11T18:14:31.164433"}
{"test_name": "test_database_connection", "error_type": "ConnectionError", "error_message": "Could not connect to database", "solution": "Ensure database is running and credentials are correct", "timestamp": "2025-11-11T18:14:31.165513"}
{"error_type": "ImportError", "error_message": "No module named 'pytest'", "solution": "Install pytest: pip install pytest", "timestamp": "2025-11-11T18:14:31.166705"}
{"error_type": "TypeError", "error_message": "expected str, got int", "solution": "Convert int to str using str()", "timestamp": "2025-11-11T18:14:31.168467"}
{"error_type": "TypeError", "error_message": "expected int, got str", "solution": "Convert str to int using int()", "timestamp": "2025-11-11T18:14:31.168682"}
{"error_type": "FileNotFoundError", "error_message": "config.json not found", "solution": "Create config.json in project root", "session": "session_1", "timestamp": "2025-11-11T18:14:31.173189"}
{"test_name": "test_reflexion_marker_integration", "error_type": "IntegrationTestError", "error_message": "Testing reflexion integration", "timestamp": "2025-11-11T18:14:31.175044"}
{"test_name": "test_reflexion_with_real_exception", "error_type": "ZeroDivisionError", "error_message": "division by zero", "traceback": "simulated traceback", "solution": "Check denominator is not zero before division", "timestamp": "2025-11-11T18:14:31.176104"}
{"test_name": "test_feature", "error_type": "AssertionError", "error_message": "Expected 5, got 3", "traceback": "File test.py, line 10...", "timestamp": "2025-11-11T18:36:41.373001"}
{"test_name": "test_database_connection", "error_type": "ConnectionError", "error_message": "Could not connect to database", "solution": "Ensure database is running and credentials are correct", "timestamp": "2025-11-11T18:36:41.374057"}
{"error_type": "ImportError", "error_message": "No module named 'pytest'", "solution": "Install pytest: pip install pytest", "timestamp": "2025-11-11T18:36:41.375577"}
{"error_type": "TypeError", "error_message": "expected str, got int", "solution": "Convert int to str using str()", "timestamp": "2025-11-11T18:36:41.377470"}
{"error_type": "TypeError", "error_message": "expected int, got str", "solution": "Convert str to int using int()", "timestamp": "2025-11-11T18:36:41.377698"}
{"error_type": "FileNotFoundError", "error_message": "config.json not found", "solution": "Create config.json in project root", "session": "session_1", "timestamp": "2025-11-11T18:36:41.381639"}
{"test_name": "test_reflexion_marker_integration", "error_type": "IntegrationTestError", "error_message": "Testing reflexion integration", "timestamp": "2025-11-11T18:36:41.383655"}
{"test_name": "test_reflexion_with_real_exception", "error_type": "ZeroDivisionError", "error_message": "division by zero", "traceback": "simulated traceback", "solution": "Check denominator is not zero before division", "timestamp": "2025-11-11T18:36:41.385124"}
{"test_name": "test_feature", "error_type": "AssertionError", "error_message": "Expected 5, got 3", "traceback": "File test.py, line 10...", "timestamp": "2025-11-14T14:27:24.515213"}
{"test_name": "test_database_connection", "error_type": "ConnectionError", "error_message": "Could not connect to database", "solution": "Ensure database is running and credentials are correct", "timestamp": "2025-11-14T14:27:24.516216"}
{"error_type": "ImportError", "error_message": "No module named 'pytest'", "solution": "Install pytest: pip install pytest", "timestamp": "2025-11-14T14:27:24.517303"}
{"error_type": "TypeError", "error_message": "expected str, got int", "solution": "Convert int to str using str()", "timestamp": "2025-11-14T14:27:24.519006"}
{"error_type": "TypeError", "error_message": "expected int, got str", "solution": "Convert str to int using int()", "timestamp": "2025-11-14T14:27:24.519215"}
{"error_type": "FileNotFoundError", "error_message": "config.json not found", "solution": "Create config.json in project root", "session": "session_1", "timestamp": "2025-11-14T14:27:24.523965"}
{"test_name": "test_reflexion_marker_integration", "error_type": "IntegrationTestError", "error_message": "Testing reflexion integration", "timestamp": "2025-11-14T14:27:24.525993"}
{"test_name": "test_reflexion_with_real_exception", "error_type": "ZeroDivisionError", "error_message": "division by zero", "traceback": "simulated traceback", "solution": "Check denominator is not zero before division", "timestamp": "2025-11-14T14:27:24.527061"}
{"test_name": "test_feature", "error_type": "AssertionError", "error_message": "Expected 5, got 3", "traceback": "File test.py, line 10...", "timestamp": "2025-12-30T07:01:00.607355"}
{"test_name": "test_database_connection", "error_type": "ConnectionError", "error_message": "Could not connect to database", "solution": "Ensure database is running and credentials are correct", "timestamp": "2025-12-30T07:01:00.607907"}
{"error_type": "ImportError", "error_message": "No module named 'pytest'", "solution": "Install pytest: pip install pytest", "timestamp": "2025-12-30T07:01:00.608560"}
{"error_type": "TypeError", "error_message": "expected str, got int", "solution": "Convert int to str using str()", "timestamp": "2025-12-30T07:01:00.609574"}
{"error_type": "TypeError", "error_message": "expected int, got str", "solution": "Convert str to int using int()", "timestamp": "2025-12-30T07:01:00.609713"}
{"error_type": "FileNotFoundError", "error_message": "config.json not found", "solution": "Create config.json in project root", "session": "session_1", "timestamp": "2025-12-30T07:01:00.611831"}
{"test_name": "test_reflexion_marker_integration", "error_type": "IntegrationTestError", "error_message": "Testing reflexion integration", "timestamp": "2025-12-30T07:01:00.612809"}
{"test_name": "test_reflexion_with_real_exception", "error_type": "ZeroDivisionError", "error_message": "division by zero", "traceback": "simulated traceback", "solution": "Check denominator is not zero before division", "timestamp": "2025-12-30T07:01:00.613329"}
{"test_name": "test_feature", "error_type": "AssertionError", "error_message": "Expected 5, got 3", "traceback": "File test.py, line 10...", "timestamp": "2025-12-30T07:09:23.142774"}
{"test_name": "test_database_connection", "error_type": "ConnectionError", "error_message": "Could not connect to database", "solution": "Ensure database is running and credentials are correct", "timestamp": "2025-12-30T07:09:23.143428"}
{"error_type": "ImportError", "error_message": "No module named 'pytest'", "solution": "Install pytest: pip install pytest", "timestamp": "2025-12-30T07:09:23.144131"}
{"error_type": "TypeError", "error_message": "expected str, got int", "solution": "Convert int to str using str()", "timestamp": "2025-12-30T07:09:23.145281"}
{"error_type": "TypeError", "error_message": "expected int, got str", "solution": "Convert str to int using int()", "timestamp": "2025-12-30T07:09:23.149596"}
{"error_type": "FileNotFoundError", "error_message": "config.json not found", "solution": "Create config.json in project root", "session": "session_1", "timestamp": "2025-12-30T07:09:23.151771"}
{"test_name": "test_reflexion_marker_integration", "error_type": "IntegrationTestError", "error_message": "Testing reflexion integration", "timestamp": "2025-12-30T07:09:23.152754"}
{"test_name": "test_reflexion_with_real_exception", "error_type": "ZeroDivisionError", "error_message": "division by zero", "traceback": "simulated traceback", "solution": "Check denominator is not zero before division", "timestamp": "2025-12-30T07:09:23.153524"}
{"test_name": "test_feature", "error_type": "AssertionError", "error_message": "Expected 5, got 3", "traceback": "File test.py, line 10...", "timestamp": "2025-12-30T07:10:07.392674"}
{"test_name": "test_database_connection", "error_type": "ConnectionError", "error_message": "Could not connect to database", "solution": "Ensure database is running and credentials are correct", "timestamp": "2025-12-30T07:10:07.393552"}
{"error_type": "ImportError", "error_message": "No module named 'pytest'", "solution": "Install pytest: pip install pytest", "timestamp": "2025-12-30T07:10:07.394827"}
{"error_type": "TypeError", "error_message": "expected str, got int", "solution": "Convert int to str using str()", "timestamp": "2025-12-30T07:10:07.396169"}
{"error_type": "TypeError", "error_message": "expected int, got str", "solution": "Convert str to int using int()", "timestamp": "2025-12-30T07:10:07.399660"}
{"error_type": "FileNotFoundError", "error_message": "config.json not found", "solution": "Create config.json in project root", "session": "session_1", "timestamp": "2025-12-30T07:10:07.401946"}
{"test_name": "test_reflexion_marker_integration", "error_type": "IntegrationTestError", "error_message": "Testing reflexion integration", "timestamp": "2025-12-30T07:10:07.403357"}
{"test_name": "test_reflexion_with_real_exception", "error_type": "ZeroDivisionError", "error_message": "division by zero", "traceback": "simulated traceback", "solution": "Check denominator is not zero before division", "timestamp": "2025-12-30T07:10:07.403997"}
{"test_name": "test_feature", "error_type": "AssertionError", "error_message": "Expected 5, got 3", "traceback": "File test.py, line 10...", "timestamp": "2025-12-30T07:58:26.925544"}
{"test_name": "test_database_connection", "error_type": "ConnectionError", "error_message": "Could not connect to database", "solution": "Ensure database is running and credentials are correct", "timestamp": "2025-12-30T07:58:26.927025"}
{"error_type": "ImportError", "error_message": "No module named 'pytest'", "solution": "Install pytest: pip install pytest", "timestamp": "2025-12-30T07:58:26.927888"}
{"error_type": "TypeError", "error_message": "expected str, got int", "solution": "Convert int to str using str()", "timestamp": "2025-12-30T07:58:26.929212"}
{"error_type": "TypeError", "error_message": "expected int, got str", "solution": "Convert str to int using int()", "timestamp": "2025-12-30T07:58:26.929346"}
{"error_type": "FileNotFoundError", "error_message": "config.json not found", "solution": "Create config.json in project root", "session": "session_1", "timestamp": "2025-12-30T07:58:26.931924"}
{"test_name": "test_reflexion_marker_integration", "error_type": "IntegrationTestError", "error_message": "Testing reflexion integration", "timestamp": "2025-12-30T07:58:26.933152"}
{"test_name": "test_reflexion_with_real_exception", "error_type": "ZeroDivisionError", "error_message": "division by zero", "traceback": "simulated traceback", "solution": "Check denominator is not zero before division", "timestamp": "2025-12-30T07:58:26.933827"}
{"test_name": "test_feature", "error_type": "AssertionError", "error_message": "Expected 5, got 3", "traceback": "File test.py, line 10...", "timestamp": "2025-12-30T08:19:25.838673"}
{"test_name": "test_database_connection", "error_type": "ConnectionError", "error_message": "Could not connect to database", "solution": "Ensure database is running and credentials are correct", "timestamp": "2025-12-30T08:19:25.839508"}
{"error_type": "ImportError", "error_message": "No module named 'pytest'", "solution": "Install pytest: pip install pytest", "timestamp": "2025-12-30T08:19:25.840293"}
{"error_type": "TypeError", "error_message": "expected str, got int", "solution": "Convert int to str using str()", "timestamp": "2025-12-30T08:19:25.841915"}
{"error_type": "TypeError", "error_message": "expected int, got str", "solution": "Convert str to int using int()", "timestamp": "2025-12-30T08:19:25.842043"}
{"error_type": "FileNotFoundError", "error_message": "config.json not found", "solution": "Create config.json in project root", "session": "session_1", "timestamp": "2025-12-30T08:19:25.844979"}
{"test_name": "test_reflexion_marker_integration", "error_type": "IntegrationTestError", "error_message": "Testing reflexion integration", "timestamp": "2025-12-30T08:19:25.846671"}
{"test_name": "test_reflexion_with_real_exception", "error_type": "ZeroDivisionError", "error_message": "division by zero", "traceback": "simulated traceback", "solution": "Check denominator is not zero before division", "timestamp": "2025-12-30T08:19:25.847488"}
{"test_name": "test_feature", "error_type": "AssertionError", "error_message": "Expected 5, got 3", "traceback": "File test.py, line 10...", "timestamp": "2025-12-30T08:22:58.960866"}
{"test_name": "test_database_connection", "error_type": "ConnectionError", "error_message": "Could not connect to database", "solution": "Ensure database is running and credentials are correct", "timestamp": "2025-12-30T08:22:58.961597"}
{"error_type": "ImportError", "error_message": "No module named 'pytest'", "solution": "Install pytest: pip install pytest", "timestamp": "2025-12-30T08:22:58.962359"}
{"error_type": "TypeError", "error_message": "expected str, got int", "solution": "Convert int to str using str()", "timestamp": "2025-12-30T08:22:58.963522"}
{"error_type": "TypeError", "error_message": "expected int, got str", "solution": "Convert str to int using int()", "timestamp": "2025-12-30T08:22:58.967987"}
{"error_type": "FileNotFoundError", "error_message": "config.json not found", "solution": "Create config.json in project root", "session": "session_1", "timestamp": "2025-12-30T08:22:58.971682"}
{"test_name": "test_reflexion_marker_integration", "error_type": "IntegrationTestError", "error_message": "Testing reflexion integration", "timestamp": "2025-12-30T08:22:58.973803"}
{"test_name": "test_reflexion_with_real_exception", "error_type": "ZeroDivisionError", "error_message": "division by zero", "traceback": "simulated traceback", "solution": "Check denominator is not zero before division", "timestamp": "2025-12-30T08:22:58.974726"}
{"test_name": "test_feature", "error_type": "AssertionError", "error_message": "Expected 5, got 3", "traceback": "File test.py, line 10...", "timestamp": "2025-12-30T08:23:08.268333"}
{"test_name": "test_database_connection", "error_type": "ConnectionError", "error_message": "Could not connect to database", "solution": "Ensure database is running and credentials are correct", "timestamp": "2025-12-30T08:23:08.269492"}
{"error_type": "ImportError", "error_message": "No module named 'pytest'", "solution": "Install pytest: pip install pytest", "timestamp": "2025-12-30T08:23:08.270348"}
{"error_type": "TypeError", "error_message": "expected str, got int", "solution": "Convert int to str using str()", "timestamp": "2025-12-30T08:23:08.271963"}
{"error_type": "TypeError", "error_message": "expected int, got str", "solution": "Convert str to int using int()", "timestamp": "2025-12-30T08:23:08.272201"}
{"error_type": "FileNotFoundError", "error_message": "config.json not found", "solution": "Create config.json in project root", "session": "session_1", "timestamp": "2025-12-30T08:23:08.275540"}
{"test_name": "test_reflexion_marker_integration", "error_type": "IntegrationTestError", "error_message": "Testing reflexion integration", "timestamp": "2025-12-30T08:23:08.276877"}
{"test_name": "test_reflexion_with_real_exception", "error_type": "ZeroDivisionError", "error_message": "division by zero", "traceback": "simulated traceback", "solution": "Check denominator is not zero before division", "timestamp": "2025-12-30T08:23:08.277534"}
